
> teambackend@1.0.0 start
> node app.js

Running

> teambackend@1.0.0 start
> node app.js

Running

> teambackend@1.0.0 start
> node app.js

Running

> teambackend@1.0.0 start
> node app.js

Running

> teambackend@1.0.0 start
> node app.js

Running

> teambackend@1.0.0 start
> node app.js

Running
deleted
deleted
Email sent successfully
Email sent successfully
Email sent successfully
Email sent successfully
Email sent successfully
Email sent successfully
Email sent successfully
Email sent successfully
Email sent successfully
Email sent successfully
Email sent successfully

> teambackend@1.0.0 start
> node app.js

Running

> teambackend@1.0.0 start
> node app.js


> teambackend@1.0.0 start
> node app.js


> teambackend@1.0.0 start
> node app.js


> teambackend@1.0.0 start
> node app.js


> teambackend@1.0.0 start
> node app.js


> teambackend@1.0.0 start
> node app.js


> teambackend@1.0.0 start
> node app.js


> teambackend@1.0.0 start
> node app.js

Running
